{"/Users/hollinariyawansa/Development/coursera/little-lemon-restaurant-web/src/api/api.ts": {"path":"/Users/hollinariyawansa/Development/coursera/little-lemon-restaurant-web/src/api/api.ts","statementMap":{"0":{"start":{"line":1,"column":28},"end":{"line":8,"column":1}},"1":{"start":{"line":2,"column":10},"end":{"line":2,"column":22}},"2":{"start":{"line":3,"column":10},"end":{"line":3,"column":16}},"3":{"start":{"line":4,"column":10},"end":{"line":4,"column":18}},"4":{"start":{"line":5,"column":2},"end":{"line":7,"column":4}},"5":{"start":{"line":6,"column":4},"end":{"line":6,"column":33}},"6":{"start":{"line":1,"column":13},"end":{"line":1,"column":28}},"7":{"start":{"line":10,"column":24},"end":{"line":22,"column":1}},"8":{"start":{"line":11,"column":15},"end":{"line":11,"column":17}},"9":{"start":{"line":12,"column":15},"end":{"line":12,"column":43}},"10":{"start":{"line":13,"column":2},"end":{"line":20,"column":3}},"11":{"start":{"line":13,"column":15},"end":{"line":13,"column":17}},"12":{"start":{"line":14,"column":4},"end":{"line":16,"column":5}},"13":{"start":{"line":15,"column":6},"end":{"line":15,"column":29}},"14":{"start":{"line":17,"column":4},"end":{"line":19,"column":5}},"15":{"start":{"line":18,"column":6},"end":{"line":18,"column":29}},"16":{"start":{"line":21,"column":2},"end":{"line":21,"column":16}},"17":{"start":{"line":10,"column":13},"end":{"line":10,"column":24}},"18":{"start":{"line":24,"column":25},"end":{"line":26,"column":1}},"19":{"start":{"line":25,"column":2},"end":{"line":25,"column":14}},"20":{"start":{"line":24,"column":13},"end":{"line":24,"column":25}}},"fnMap":{"0":{"name":"(anonymous_0)","decl":{"start":{"line":1,"column":28},"end":{"line":1,"column":38}},"loc":{"start":{"line":1,"column":50},"end":{"line":8,"column":1}}},"1":{"name":"(anonymous_1)","decl":{"start":{"line":5,"column":9},"end":{"line":5,"column":null}},"loc":{"start":{"line":5,"column":9},"end":{"line":7,"column":3}}},"2":{"name":"(anonymous_2)","decl":{"start":{"line":10,"column":24},"end":{"line":10,"column":34}},"loc":{"start":{"line":10,"column":44},"end":{"line":22,"column":1}}},"3":{"name":"(anonymous_3)","decl":{"start":{"line":24,"column":25},"end":{"line":24,"column":35}},"loc":{"start":{"line":24,"column":51},"end":{"line":26,"column":1}}}},"branchMap":{"0":{"loc":{"start":{"line":14,"column":4},"end":{"line":16,"column":5}},"type":"if","locations":[{"start":{"line":14,"column":4},"end":{"line":16,"column":5}}]},"1":{"loc":{"start":{"line":17,"column":4},"end":{"line":19,"column":5}},"type":"if","locations":[{"start":{"line":17,"column":4},"end":{"line":19,"column":5}}]}},"s":{"0":0,"1":0,"2":0,"3":0,"4":0,"5":0,"6":0,"7":0,"8":0,"9":0,"10":0,"11":0,"12":0,"13":0,"14":0,"15":0,"16":0,"17":0,"18":0,"19":0,"20":0},"f":{"0":0,"1":0,"2":0,"3":0},"b":{"0":[0],"1":[0]}}
,"/Users/hollinariyawansa/Development/coursera/little-lemon-restaurant-web/src/config/constants.ts": {"path":"/Users/hollinariyawansa/Development/coursera/little-lemon-restaurant-web/src/config/constants.ts","statementMap":{"0":{"start":{"line":1,"column":0},"end":{"line":1,"column":null}},"1":{"start":{"line":2,"column":2},"end":{"line":2,"column":null}},"2":{"start":{"line":3,"column":2},"end":{"line":3,"column":null}},"3":{"start":{"line":4,"column":2},"end":{"line":4,"column":null}},"4":{"start":{"line":5,"column":2},"end":{"line":5,"column":null}},"5":{"start":{"line":6,"column":2},"end":{"line":6,"column":null}}},"fnMap":{"0":{"name":"(anonymous_0)","decl":{"start":{"line":1,"column":0},"end":{"line":1,"column":12}},"loc":{"start":{"line":1,"column":19},"end":{"line":7,"column":1}}}},"branchMap":{"0":{"loc":{"start":{"line":1,"column":12},"end":{"line":1,"column":null}},"type":"binary-expr","locations":[{"start":{"line":1,"column":12},"end":{"line":1,"column":19}},{"start":{"line":1,"column":19},"end":{"line":1,"column":null}}]}},"s":{"0":0,"1":0,"2":0,"3":0,"4":0,"5":0},"f":{"0":0},"b":{"0":[0,0]}}
,"/Users/hollinariyawansa/Development/coursera/little-lemon-restaurant-web/src/lib/utils.ts": {"path":"/Users/hollinariyawansa/Development/coursera/little-lemon-restaurant-web/src/lib/utils.ts","statementMap":{"0":{"start":{"line":4,"column":0},"end":{"line":4,"column":16}},"1":{"start":{"line":1,"column":0},"end":{"line":1,"column":44}},"2":{"start":{"line":2,"column":0},"end":{"line":2,"column":40}},"3":{"start":{"line":5,"column":2},"end":{"line":5,"column":null}}},"fnMap":{"0":{"name":"cn","decl":{"start":{"line":4,"column":16},"end":{"line":4,"column":18}},"loc":{"start":{"line":4,"column":42},"end":{"line":6,"column":1}}}},"branchMap":{},"s":{"0":0,"1":0,"2":0,"3":0},"f":{"0":0},"b":{}}
}
